[debug] [2019-12-10T01:16:18.344Z] ----------------------------------------------------------------------
[debug] [2019-12-10T01:16:18.346Z] Command:       /usr/local/bin/node /usr/local/bin/firebase init
[debug] [2019-12-10T01:16:18.346Z] CLI Version:   7.9.0
[debug] [2019-12-10T01:16:18.346Z] Platform:      darwin
[debug] [2019-12-10T01:16:18.346Z] Node Version:  v10.16.0
[debug] [2019-12-10T01:16:18.347Z] Time:          Mon Dec 09 2019 19:16:18 GMT-0600 (Central Standard Time)
[debug] [2019-12-10T01:16:18.347Z] ----------------------------------------------------------------------
[debug] [2019-12-10T01:16:18.347Z] 
[debug] [2019-12-10T01:16:18.357Z] > command requires scopes: ["email","openid","https://www.googleapis.com/auth/cloudplatformprojects.readonly","https://www.googleapis.com/auth/firebase","https://www.googleapis.com/auth/cloud-platform"]
[debug] [2019-12-10T01:16:18.362Z] > authorizing via signed-in user
[info] 
     ######## #### ########  ######## ########     ###     ######  ########
     ##        ##  ##     ## ##       ##     ##  ##   ##  ##       ##
     ######    ##  ########  ######   ########  #########  ######  ######
     ##        ##  ##    ##  ##       ##     ## ##     ##       ## ##
     ##       #### ##     ## ######## ########  ##     ##  ######  ########

You're about to initialize a Firebase project in this directory:

  /Users/macbook/art-app

Before we get started, keep in mind:

  * You are initializing in an existing Firebase project directory

[info] 
=== Project Setup
[info] 
[info] First, let's associate this project directory with a Firebase project.
[info] You can create multiple project aliases by running firebase use --add, 
[info] but for now we'll just set up a default project.
[info] 
[info] i  .firebaserc already has a default project, using art-app-32060.
[debug] [2019-12-10T01:16:23.226Z] > refreshing access token with scopes: ["email","https://www.googleapis.com/auth/cloud-platform","https://www.googleapis.com/auth/cloudplatformprojects.readonly","https://www.googleapis.com/auth/firebase","openid"]
[debug] [2019-12-10T01:16:23.227Z] >>> HTTP REQUEST POST https://www.googleapis.com/oauth2/v3/token  
 <request body omitted>
[debug] [2019-12-10T01:16:23.399Z] <<< HTTP RESPONSE 200
[debug] [2019-12-10T01:16:23.413Z] >>> HTTP REQUEST GET https://firebase.googleapis.com/v1beta1/projects/art-app-32060  
 
[debug] [2019-12-10T01:16:23.699Z] <<< HTTP RESPONSE 200
[info] 
=== Hosting Setup
[info] 
[info] Your public directory is the folder (relative to your project directory) that
[info] will contain Hosting assets to be uploaded with firebase deploy. If you
[info] have a build process for your assets, use your build's output directory.
[info] 
